
    PID    PPID %CPU %MEM
   2180    1741  2.1  2.9
  11208   11134  1.5  1.3
   3921    2180  1.4  1.6
   3456    3368  1.3  2.6
   1741    1692  1.0  1.3
    PID    PPID %CPU %MEM
   2180    1741  2.1  3.0
  11208   11134  1.5  1.3
   3921    2180  1.4  1.6
   3456    3368  1.3  2.6
   1741    1692  1.0  1.3
    PID    PPID %CPU %MEM
   2180    1741  2.1  3.0
  11208   11134  1.6  1.3
   3921    2180  1.4  1.7
   3456    3368  1.3  2.4
   1741    1692  1.0  1.3
    PID    PPID %CPU %MEM
  13724   13723  100  0.0
   2180    1741  2.0  3.0
  11208   11134  1.5  1.3
   3921    2180  1.4  1.7
   3456    3368  1.3  2.5
Log file created on 2025-01-21 14:50:01
    PID    PPID %CPU %MEM
   2180    1741  2.0  2.9
   3921    2180  1.4  1.6
  11208   11134  1.3  1.3
   3456    3368  1.3  2.4
  13869    8040  1.0  0.4
Log file created on 2025-01-21 14:55:01
    PID    PPID %CPU %MEM
   2180    1741  2.0  2.9
   3921    2180  1.4  1.6
  11208   11134  1.3  1.3
   3456    3368  1.2  2.5
   1741    1692  1.0  1.3
Log file created on 2025-01-21 15:00:01
